2019-07-09 16:24:04,459 - selenium - INFO - 选择的浏览器类型为：Chrome
2019-07-09 16:24:06,640 - selenium - INFO - Starting Chrome browser.
2019-07-09 16:24:07,754 - selenium - INFO - Maximize the current window.
2019-07-09 16:24:07,755 - selenium - INFO - Set implicitly wait 10 seconds.
2019-07-09 16:24:07,755 - selenium - INFO - -----执行登录操作-----
2019-07-09 16:24:10,940 - selenium - INFO - 输入的内容：
2019-07-09 16:24:11,004 - selenium - INFO - 输入的内容：12323
2019-07-09 16:24:11,058 - selenium - INFO - 点击元素成功
2019-07-09 16:24:11,058 - selenium - INFO - -----检查登录信息-----
2019-07-09 16:24:21,066 - selenium - ERROR - 登录失败
2019-07-09 16:24:21,067 - selenium - INFO - 测试用例执行成功：用户名为空

2019-07-09 16:24:21,067 - selenium - INFO - -----执行登录操作-----
2019-07-09 16:24:23,755 - selenium - INFO - 输入的内容：gadmin
2019-07-09 16:24:23,802 - selenium - INFO - 输入的内容：
2019-07-09 16:24:23,842 - selenium - INFO - 点击元素成功
2019-07-09 16:24:23,842 - selenium - INFO - -----检查登录信息-----
2019-07-09 16:24:33,890 - selenium - ERROR - 登录失败
2019-07-09 16:24:33,890 - selenium - INFO - 测试用例执行成功：密码为空

2019-07-09 16:24:33,891 - selenium - INFO - -----执行登录操作-----
2019-07-09 16:24:36,478 - selenium - INFO - 输入的内容：gadmin
2019-07-09 16:24:36,539 - selenium - INFO - 输入的内容：123456
2019-07-09 16:24:36,716 - selenium - INFO - 点击元素成功
2019-07-09 16:24:36,716 - selenium - INFO - -----检查登录信息-----
2019-07-09 16:24:46,746 - selenium - ERROR - 登录失败
2019-07-09 16:24:46,746 - selenium - INFO - 测试用例执行成功：密码错误

2019-07-09 16:24:46,747 - selenium - INFO - -----执行登录操作-----
2019-07-09 16:24:49,435 - selenium - INFO - 输入的内容：gadmin
2019-07-09 16:24:49,494 - selenium - INFO - 输入的内容：admin123
2019-07-09 16:24:49,936 - selenium - INFO - 点击元素成功
2019-07-09 16:24:49,936 - selenium - INFO - -----检查登录信息-----
2019-07-09 16:24:51,587 - selenium - INFO - 已登录，账号为admin
2019-07-09 16:24:51,588 - selenium - INFO - 测试用例执行成功：用户名和密码正确

2019-07-09 16:24:51,588 - selenium - INFO - -----退出浏览器-----
2019-07-09 16:24:54,710 - selenium - INFO - 开始发送测试报告邮件
2019-07-09 16:24:56,905 - selenium - INFO - 测试报告邮件发送完成
