2019-07-09 17:00:41,155 - selenium - INFO - 选择的浏览器类型为：Chrome
2019-07-09 17:00:43,688 - selenium - INFO - Starting Chrome browser.
2019-07-09 17:00:44,805 - selenium - INFO - Maximize the current window.
2019-07-09 17:00:44,806 - selenium - INFO - Set implicitly wait 10 seconds.
2019-07-09 17:00:44,806 - selenium - INFO - -----执行登录操作-----
2019-07-09 17:00:49,192 - selenium - INFO - 输入的内容：
2019-07-09 17:00:49,257 - selenium - INFO - 输入的内容：12323
2019-07-09 17:00:49,308 - selenium - INFO - 点击元素成功
2019-07-09 17:00:49,308 - selenium - INFO - -----检查登录信息-----
2019-07-09 17:00:59,353 - selenium - ERROR - 登录失败
2019-07-09 17:00:59,354 - selenium - INFO - 测试用例执行成功：用户名为空

2019-07-09 17:00:59,354 - selenium - INFO - -----执行登录操作-----
2019-07-09 17:01:02,138 - selenium - INFO - 输入的内容：gadmin
2019-07-09 17:01:02,191 - selenium - INFO - 输入的内容：
2019-07-09 17:01:02,242 - selenium - INFO - 点击元素成功
2019-07-09 17:01:02,242 - selenium - INFO - -----检查登录信息-----
2019-07-09 17:01:12,273 - selenium - ERROR - 登录失败
2019-07-09 17:01:12,273 - selenium - INFO - 测试用例执行成功：密码为空

2019-07-09 17:01:12,274 - selenium - INFO - -----执行登录操作-----
2019-07-09 17:01:14,900 - selenium - INFO - 输入的内容：gadmin
2019-07-09 17:01:14,954 - selenium - INFO - 输入的内容：123456
2019-07-09 17:01:15,122 - selenium - INFO - 点击元素成功
2019-07-09 17:01:15,122 - selenium - INFO - -----检查登录信息-----
2019-07-09 17:01:25,163 - selenium - ERROR - 登录失败
2019-07-09 17:01:25,164 - selenium - INFO - 测试用例执行成功：密码错误

2019-07-09 17:01:25,165 - selenium - INFO - -----执行登录操作-----
2019-07-09 17:01:27,853 - selenium - INFO - 输入的内容：gadmin
2019-07-09 17:01:27,910 - selenium - INFO - 输入的内容：admin123
2019-07-09 17:01:28,347 - selenium - INFO - 点击元素成功
2019-07-09 17:01:28,347 - selenium - INFO - -----检查登录信息-----
2019-07-09 17:01:28,701 - selenium - INFO - 登录成功，账号为admin
2019-07-09 17:01:28,701 - selenium - INFO - 测试用例执行成功：用户名和密码正确

2019-07-09 17:01:28,701 - selenium - INFO - -----退出浏览器-----
2019-07-09 17:01:31,642 - selenium - INFO - 开始发送测试报告邮件
2019-07-09 17:01:33,278 - selenium - INFO - 测试报告邮件发送完成
