2019-07-09 17:04:59,162 - selenium - INFO - 选择的浏览器类型为：Chrome
2019-07-09 17:05:01,764 - selenium - INFO - Starting Chrome browser.
2019-07-09 17:05:02,911 - selenium - INFO - Maximize the current window.
2019-07-09 17:05:02,915 - selenium - INFO - Set implicitly wait 10 seconds.
2019-07-09 17:05:02,915 - selenium - INFO - -----执行登录操作-----
2019-07-09 17:05:06,975 - selenium - INFO - 输入的内容：
2019-07-09 17:05:07,038 - selenium - INFO - 输入的内容：12323
2019-07-09 17:05:07,093 - selenium - INFO - 点击元素成功
2019-07-09 17:05:07,093 - selenium - INFO - -----检查登录信息-----
2019-07-09 17:05:17,117 - selenium - ERROR - 登录失败
2019-07-09 17:05:17,118 - selenium - INFO - 测试用例执行成功：用户名为空

2019-07-09 17:05:17,118 - selenium - INFO - -----执行登录操作-----
2019-07-09 17:05:19,835 - selenium - INFO - 输入的内容：gadmin
2019-07-09 17:05:19,881 - selenium - INFO - 输入的内容：
2019-07-09 17:05:19,923 - selenium - INFO - 点击元素成功
2019-07-09 17:05:19,923 - selenium - INFO - -----检查登录信息-----
2019-07-09 17:05:29,981 - selenium - ERROR - 登录失败
2019-07-09 17:05:29,981 - selenium - INFO - 测试用例执行成功：密码为空

2019-07-09 17:05:29,982 - selenium - INFO - -----执行登录操作-----
2019-07-09 17:05:32,532 - selenium - INFO - 输入的内容：gadmin
2019-07-09 17:05:32,586 - selenium - INFO - 输入的内容：123456
2019-07-09 17:05:32,751 - selenium - INFO - 点击元素成功
2019-07-09 17:05:32,751 - selenium - INFO - -----检查登录信息-----
2019-07-09 17:05:42,816 - selenium - ERROR - 登录失败
2019-07-09 17:05:42,816 - selenium - INFO - 测试用例执行成功：密码错误

2019-07-09 17:05:42,817 - selenium - INFO - -----执行登录操作-----
2019-07-09 17:05:45,344 - selenium - INFO - 输入的内容：gadmin
2019-07-09 17:05:45,404 - selenium - INFO - 输入的内容：admin123
2019-07-09 17:05:45,920 - selenium - INFO - 点击元素成功
2019-07-09 17:05:45,921 - selenium - INFO - -----检查登录信息-----
2019-07-09 17:05:46,294 - selenium - INFO - 登录成功，账号为admin
2019-07-09 17:05:46,294 - selenium - INFO - 测试用例执行成功：用户名和密码正确

2019-07-09 17:05:46,294 - selenium - INFO - -----退出浏览器-----
2019-07-09 17:05:50,632 - selenium - INFO - 开始发送测试报告邮件
2019-07-09 17:05:50,654 - selenium - INFO - 测试报告邮件发送完成
