2019-07-09 16:14:24,943 - selenium - INFO - 选择的浏览器类型为：Chrome
2019-07-09 16:14:27,165 - selenium - INFO - Starting Chrome browser.
2019-07-09 16:14:28,314 - selenium - INFO - Maximize the current window.
2019-07-09 16:14:28,318 - selenium - INFO - Set implicitly wait 10 seconds.
2019-07-09 16:14:28,320 - selenium - INFO - -----执行登录操作-----
2019-07-09 16:14:32,104 - selenium - INFO - 输入的内容：
2019-07-09 16:14:32,177 - selenium - INFO - 输入的内容：12323
2019-07-09 16:14:32,228 - selenium - INFO - 点击元素成功
2019-07-09 16:14:32,229 - selenium - INFO - -----检查登录信息-----
2019-07-09 16:14:42,255 - selenium - ERROR - 报错信息：
2019-07-09 16:14:42,263 - selenium - INFO - -----执行登录操作-----
2019-07-09 16:14:45,283 - selenium - INFO - 输入的内容：gadmin
2019-07-09 16:14:45,327 - selenium - INFO - 输入的内容：
2019-07-09 16:14:45,370 - selenium - INFO - 点击元素成功
2019-07-09 16:14:45,370 - selenium - INFO - -----检查登录信息-----
2019-07-09 16:14:55,395 - selenium - ERROR - 报错信息：
2019-07-09 16:14:55,400 - selenium - INFO - -----执行登录操作-----
2019-07-09 16:14:57,969 - selenium - INFO - 输入的内容：gadmin
2019-07-09 16:14:58,024 - selenium - INFO - 输入的内容：123456
2019-07-09 16:14:58,181 - selenium - INFO - 点击元素成功
2019-07-09 16:14:58,181 - selenium - INFO - -----检查登录信息-----
2019-07-09 16:15:08,233 - selenium - ERROR - 报错信息：
2019-07-09 16:15:08,238 - selenium - INFO - -----执行登录操作-----
2019-07-09 16:15:10,777 - selenium - INFO - 输入的内容：gadmin
2019-07-09 16:15:10,835 - selenium - INFO - 输入的内容：admin123
2019-07-09 16:15:11,500 - selenium - INFO - 点击元素成功
2019-07-09 16:15:11,500 - selenium - INFO - -----检查登录信息-----
2019-07-09 16:15:11,903 - selenium - INFO - 获取的text：admin
2019-07-09 16:15:11,904 - selenium - INFO - 已登录，账号为admin
2019-07-09 16:15:11,904 - selenium - INFO - 测试用例执行成功：用户名和密码正确

2019-07-09 16:15:11,904 - selenium - INFO - -----退出浏览器-----
