2019-07-12 13:47:25,751 - selenium - INFO - 选择的浏览器类型为：Chrome
2019-07-12 13:47:29,624 - selenium - INFO - Starting Chrome browser.
2019-07-12 13:47:30,735 - selenium - INFO - Maximize the current window.
2019-07-12 13:47:30,739 - selenium - INFO - Set implicitly wait 10 seconds.
2019-07-12 13:47:30,740 - selenium - INFO - -----执行登录操作-----
2019-07-12 13:47:35,789 - selenium - INFO - 输入的内容：
2019-07-12 13:47:35,864 - selenium - INFO - 输入的内容：12323
2019-07-12 13:47:35,913 - selenium - INFO - 点击元素成功
2019-07-12 13:47:35,913 - selenium - INFO - -----检查登录信息-----
2019-07-12 13:47:45,979 - selenium - ERROR - 登录失败
2019-07-12 13:47:45,980 - selenium - INFO - 测试用例执行成功：用户名为空

2019-07-12 13:47:45,981 - selenium - INFO - -----执行登录操作-----
2019-07-12 13:47:48,702 - selenium - INFO - 输入的内容：gadmin
2019-07-12 13:47:48,741 - selenium - INFO - 输入的内容：
2019-07-12 13:47:48,781 - selenium - INFO - 点击元素成功
2019-07-12 13:47:48,781 - selenium - INFO - -----检查登录信息-----
2019-07-12 13:47:58,801 - selenium - ERROR - 登录失败
2019-07-12 13:47:58,802 - selenium - INFO - 测试用例执行成功：密码为空

2019-07-12 13:47:58,802 - selenium - INFO - -----执行登录操作-----
2019-07-12 13:48:01,451 - selenium - INFO - 输入的内容：gadmin
2019-07-12 13:48:01,502 - selenium - INFO - 输入的内容：123456
2019-07-12 13:48:01,640 - selenium - INFO - 点击元素成功
2019-07-12 13:48:01,641 - selenium - INFO - -----检查登录信息-----
2019-07-12 13:48:11,653 - selenium - ERROR - 登录失败
2019-07-12 13:48:11,654 - selenium - INFO - 测试用例执行成功：密码错误

2019-07-12 13:48:11,655 - selenium - INFO - -----执行登录操作-----
2019-07-12 13:48:14,361 - selenium - INFO - 输入的内容：gadmin
2019-07-12 13:48:14,418 - selenium - INFO - 输入的内容：admin123
2019-07-12 13:48:14,994 - selenium - INFO - 点击元素成功
2019-07-12 13:48:14,994 - selenium - INFO - -----检查登录信息-----
2019-07-12 13:48:15,501 - selenium - INFO - 登录成功，账号为admin
2019-07-12 13:48:15,501 - selenium - INFO - 测试用例执行成功：用户名和密码正确

2019-07-12 13:48:15,501 - selenium - INFO - -----退出浏览器-----
