2019-07-12 13:51:43,352 - selenium - INFO - 选择的浏览器类型为：Chrome
2019-07-12 13:51:46,729 - selenium - INFO - Starting Chrome browser.
2019-07-12 13:51:47,835 - selenium - INFO - Maximize the current window.
2019-07-12 13:51:47,836 - selenium - INFO - Set implicitly wait 10 seconds.
2019-07-12 13:51:47,836 - selenium - INFO - -----执行登录操作-----
2019-07-12 13:51:53,350 - selenium - INFO - 输入的内容：
2019-07-12 13:51:53,404 - selenium - INFO - 输入的内容：12323
2019-07-12 13:51:53,451 - selenium - INFO - 点击元素成功
2019-07-12 13:51:53,451 - selenium - INFO - -----检查登录信息-----
2019-07-12 13:52:03,490 - selenium - ERROR - 登录失败
2019-07-12 13:52:03,491 - selenium - INFO - 测试用例执行成功：用户名为空

2019-07-12 13:52:03,491 - selenium - INFO - -----执行登录操作-----
2019-07-12 13:52:05,998 - selenium - INFO - 输入的内容：gadmin
2019-07-12 13:52:06,035 - selenium - INFO - 输入的内容：
2019-07-12 13:52:06,072 - selenium - INFO - 点击元素成功
2019-07-12 13:52:06,072 - selenium - INFO - -----检查登录信息-----
2019-07-12 13:52:16,091 - selenium - ERROR - 登录失败
2019-07-12 13:52:16,091 - selenium - INFO - 测试用例执行成功：密码为空

2019-07-12 13:52:16,092 - selenium - INFO - -----执行登录操作-----
2019-07-12 13:52:18,587 - selenium - INFO - 输入的内容：gadmin
2019-07-12 13:52:18,638 - selenium - INFO - 输入的内容：123456
2019-07-12 13:52:18,836 - selenium - INFO - 点击元素成功
2019-07-12 13:52:18,836 - selenium - INFO - -----检查登录信息-----
2019-07-12 13:52:28,844 - selenium - ERROR - 登录失败
2019-07-12 13:52:28,844 - selenium - ERROR - 测试用例执行失败：密码错误

2019-07-12 13:52:28,845 - selenium - INFO - -----执行登录操作-----
2019-07-12 13:52:31,270 - selenium - INFO - 输入的内容：gadmin
2019-07-12 13:52:31,323 - selenium - INFO - 输入的内容：admin123
2019-07-12 13:52:31,652 - selenium - INFO - 点击元素成功
2019-07-12 13:52:31,652 - selenium - INFO - -----检查登录信息-----
2019-07-12 13:52:32,059 - selenium - INFO - 登录成功，账号为admin
2019-07-12 13:52:32,059 - selenium - INFO - 测试用例执行成功：用户名和密码正确

2019-07-12 13:52:32,059 - selenium - INFO - -----退出浏览器-----
