2019-07-10 11:47:52,891 - selenium - INFO - 选择的浏览器类型为：Chrome
2019-07-10 11:47:55,458 - selenium - INFO - Starting Chrome browser.
2019-07-10 11:47:56,596 - selenium - INFO - Maximize the current window.
2019-07-10 11:47:56,599 - selenium - INFO - Set implicitly wait 10 seconds.
2019-07-10 11:47:56,599 - selenium - INFO - -----执行登录操作-----
2019-07-10 11:48:00,191 - selenium - INFO - 输入的内容：
2019-07-10 11:48:00,256 - selenium - INFO - 输入的内容：12323
2019-07-10 11:48:00,306 - selenium - INFO - 点击元素成功
2019-07-10 11:48:00,307 - selenium - INFO - -----检查登录信息-----
2019-07-10 11:48:10,331 - selenium - ERROR - 登录失败
2019-07-10 11:48:10,332 - selenium - INFO - 测试用例执行成功：用户名为空

2019-07-10 11:48:10,332 - selenium - INFO - -----执行登录操作-----
2019-07-10 11:48:13,095 - selenium - INFO - 输入的内容：gadmin
2019-07-10 11:48:13,140 - selenium - INFO - 输入的内容：
2019-07-10 11:48:13,184 - selenium - INFO - 点击元素成功
2019-07-10 11:48:13,184 - selenium - INFO - -----检查登录信息-----
2019-07-10 11:48:23,198 - selenium - ERROR - 登录失败
2019-07-10 11:48:23,199 - selenium - INFO - 测试用例执行成功：密码为空

2019-07-10 11:48:23,199 - selenium - INFO - -----执行登录操作-----
2019-07-10 11:48:25,835 - selenium - INFO - 输入的内容：gadmin
2019-07-10 11:48:25,897 - selenium - INFO - 输入的内容：123456
2019-07-10 11:48:26,084 - selenium - INFO - 点击元素成功
2019-07-10 11:48:26,084 - selenium - INFO - -----检查登录信息-----
2019-07-10 11:48:36,139 - selenium - ERROR - 登录失败
2019-07-10 11:48:36,139 - selenium - INFO - 测试用例执行成功：密码错误

2019-07-10 11:48:36,140 - selenium - INFO - -----执行登录操作-----
2019-07-10 11:48:38,911 - selenium - INFO - 输入的内容：gadmin
2019-07-10 11:48:38,976 - selenium - INFO - 输入的内容：admin123
2019-07-10 11:48:39,475 - selenium - INFO - 点击元素成功
2019-07-10 11:48:39,475 - selenium - INFO - -----检查登录信息-----
2019-07-10 11:48:39,825 - selenium - INFO - 登录成功，账号为admin
2019-07-10 11:48:39,825 - selenium - INFO - 测试用例执行成功：用户名和密码正确

2019-07-10 11:48:39,825 - selenium - INFO - -----退出浏览器-----
2019-07-10 11:48:44,537 - selenium - INFO - 开始发送测试报告邮件
2019-07-10 11:48:44,564 - selenium - INFO - 测试报告邮件发送完成
