2019-07-10 11:09:34,606 - selenium - INFO - 选择的浏览器类型为：Chrome
2019-07-10 11:09:37,003 - selenium - INFO - Starting Chrome browser.
2019-07-10 11:09:38,121 - selenium - INFO - Maximize the current window.
2019-07-10 11:09:38,122 - selenium - INFO - Set implicitly wait 10 seconds.
2019-07-10 11:09:38,122 - selenium - INFO - -----执行登录操作-----
2019-07-10 11:09:42,161 - selenium - INFO - 输入的内容：
2019-07-10 11:09:42,234 - selenium - INFO - 输入的内容：12323
2019-07-10 11:09:42,287 - selenium - INFO - 点击元素成功
2019-07-10 11:09:42,287 - selenium - INFO - -----检查登录信息-----
2019-07-10 11:09:52,299 - selenium - ERROR - 登录失败
2019-07-10 11:09:52,300 - selenium - INFO - 测试用例执行成功：用户名为空

2019-07-10 11:09:52,301 - selenium - INFO - -----执行登录操作-----
2019-07-10 11:09:55,068 - selenium - INFO - 输入的内容：gadmin
2019-07-10 11:09:55,121 - selenium - INFO - 输入的内容：
2019-07-10 11:09:55,168 - selenium - INFO - 点击元素成功
2019-07-10 11:09:55,169 - selenium - INFO - -----检查登录信息-----
2019-07-10 11:10:05,208 - selenium - ERROR - 登录失败
2019-07-10 11:10:05,208 - selenium - INFO - 测试用例执行成功：密码为空

2019-07-10 11:10:05,208 - selenium - INFO - -----执行登录操作-----
2019-07-10 11:10:07,787 - selenium - INFO - 输入的内容：gadmin
2019-07-10 11:10:07,869 - selenium - INFO - 输入的内容：123456
2019-07-10 11:10:08,149 - selenium - INFO - 点击元素成功
2019-07-10 11:10:08,149 - selenium - INFO - -----检查登录信息-----
2019-07-10 11:10:18,261 - selenium - ERROR - 登录失败
2019-07-10 11:10:18,262 - selenium - INFO - 测试用例执行成功：密码错误

2019-07-10 11:10:18,262 - selenium - INFO - -----执行登录操作-----
2019-07-10 11:10:21,016 - selenium - INFO - 输入的内容：gadmin
2019-07-10 11:10:21,078 - selenium - INFO - 输入的内容：admin123
2019-07-10 11:10:21,539 - selenium - INFO - 点击元素成功
2019-07-10 11:10:21,539 - selenium - INFO - -----检查登录信息-----
2019-07-10 11:10:21,963 - selenium - INFO - 登录成功，账号为admin
2019-07-10 11:10:21,964 - selenium - INFO - 测试用例执行成功：用户名和密码正确

2019-07-10 11:10:21,964 - selenium - INFO - -----退出浏览器-----
2019-07-10 11:10:27,103 - selenium - INFO - 开始发送测试报告邮件
2019-07-10 11:10:27,130 - selenium - INFO - 测试报告邮件发送完成
