2019-07-10 11:42:53,341 - selenium - INFO - 选择的浏览器类型为：Chrome
2019-07-10 11:42:55,913 - selenium - INFO - Starting Chrome browser.
2019-07-10 11:42:57,037 - selenium - INFO - Maximize the current window.
2019-07-10 11:42:57,039 - selenium - INFO - Set implicitly wait 10 seconds.
2019-07-10 11:42:57,039 - selenium - INFO - -----执行登录操作-----
2019-07-10 11:43:01,699 - selenium - INFO - 输入的内容：
2019-07-10 11:43:01,767 - selenium - INFO - 输入的内容：12323
2019-07-10 11:43:01,815 - selenium - INFO - 点击元素成功
2019-07-10 11:43:01,815 - selenium - INFO - -----检查登录信息-----
2019-07-10 11:43:11,830 - selenium - ERROR - 登录失败
2019-07-10 11:43:11,831 - selenium - INFO - 测试用例执行成功：用户名为空

2019-07-10 11:43:11,832 - selenium - INFO - -----执行登录操作-----
2019-07-10 11:43:14,726 - selenium - INFO - 输入的内容：gadmin
2019-07-10 11:43:14,774 - selenium - INFO - 输入的内容：
2019-07-10 11:43:14,816 - selenium - INFO - 点击元素成功
2019-07-10 11:43:14,816 - selenium - INFO - -----检查登录信息-----
2019-07-10 11:43:24,840 - selenium - ERROR - 登录失败
2019-07-10 11:43:24,841 - selenium - INFO - 测试用例执行成功：密码为空

2019-07-10 11:43:24,842 - selenium - INFO - -----执行登录操作-----
2019-07-10 11:43:28,196 - selenium - INFO - 输入的内容：gadmin
2019-07-10 11:43:28,260 - selenium - INFO - 输入的内容：123456
2019-07-10 11:43:28,565 - selenium - INFO - 点击元素成功
2019-07-10 11:43:28,566 - selenium - INFO - -----检查登录信息-----
2019-07-10 11:43:38,587 - selenium - ERROR - 登录失败
2019-07-10 11:43:38,587 - selenium - INFO - 测试用例执行成功：密码错误

2019-07-10 11:43:38,590 - selenium - INFO - -----执行登录操作-----
2019-07-10 11:43:41,215 - selenium - INFO - 输入的内容：gadmin
2019-07-10 11:43:41,277 - selenium - INFO - 输入的内容：admin123
2019-07-10 11:43:41,785 - selenium - INFO - 点击元素成功
2019-07-10 11:43:41,785 - selenium - INFO - -----检查登录信息-----
2019-07-10 11:43:42,322 - selenium - INFO - 登录成功，账号为admin
2019-07-10 11:43:42,323 - selenium - INFO - 测试用例执行成功：用户名和密码正确

2019-07-10 11:43:42,324 - selenium - INFO - -----退出浏览器-----
