2019-07-10 11:21:43,197 - selenium - INFO - 选择的浏览器类型为：Chrome
2019-07-10 11:21:45,500 - selenium - INFO - Starting Chrome browser.
2019-07-10 11:21:46,617 - selenium - INFO - Maximize the current window.
2019-07-10 11:21:46,618 - selenium - INFO - Set implicitly wait 10 seconds.
2019-07-10 11:21:46,618 - selenium - INFO - -----执行登录操作-----
2019-07-10 11:21:52,746 - selenium - INFO - 输入的内容：
2019-07-10 11:21:52,948 - selenium - INFO - 输入的内容：12323
2019-07-10 11:21:53,067 - selenium - INFO - 点击元素成功
2019-07-10 11:21:53,067 - selenium - INFO - -----检查登录信息-----
2019-07-10 11:22:03,115 - selenium - ERROR - 登录失败
2019-07-10 11:22:03,115 - selenium - INFO - 测试用例执行成功：用户名为空

2019-07-10 11:22:03,115 - selenium - INFO - -----执行登录操作-----
2019-07-10 11:22:05,852 - selenium - INFO - 输入的内容：gadmin
2019-07-10 11:22:05,899 - selenium - INFO - 输入的内容：
2019-07-10 11:22:05,943 - selenium - INFO - 点击元素成功
2019-07-10 11:22:05,943 - selenium - INFO - -----检查登录信息-----
2019-07-10 11:22:15,980 - selenium - ERROR - 登录失败
2019-07-10 11:22:15,980 - selenium - INFO - 测试用例执行成功：密码为空

2019-07-10 11:22:15,980 - selenium - INFO - -----执行登录操作-----
2019-07-10 11:22:19,012 - selenium - INFO - 输入的内容：gadmin
2019-07-10 11:22:19,070 - selenium - INFO - 输入的内容：123456
2019-07-10 11:22:19,231 - selenium - INFO - 点击元素成功
2019-07-10 11:22:19,232 - selenium - INFO - -----检查登录信息-----
2019-07-10 11:22:29,262 - selenium - ERROR - 登录失败
2019-07-10 11:22:29,262 - selenium - INFO - 测试用例执行成功：密码错误

2019-07-10 11:22:29,262 - selenium - INFO - -----执行登录操作-----
2019-07-10 11:22:32,321 - selenium - INFO - 输入的内容：gadmin
2019-07-10 11:22:32,382 - selenium - INFO - 输入的内容：admin123
2019-07-10 11:22:32,820 - selenium - INFO - 点击元素成功
2019-07-10 11:22:32,821 - selenium - INFO - -----检查登录信息-----
2019-07-10 11:22:33,273 - selenium - INFO - 登录成功，账号为admin
2019-07-10 11:22:33,273 - selenium - INFO - 测试用例执行成功：用户名和密码正确

2019-07-10 11:22:33,273 - selenium - INFO - -----退出浏览器-----
2019-07-10 11:22:37,618 - selenium - INFO - 开始发送测试报告邮件
2019-07-10 11:22:37,640 - selenium - INFO - 测试报告邮件发送完成
